<?xml version="1.0" encoding="utf-8"?><testsuites name="pytest tests"><testsuite name="pytest" errors="0" failures="0" skipped="1" tests="12" time="5.290" timestamp="2026-05-12T04:27:37.215867+00:00" hostname="agent-env-66a66e30-1fe4-4c41-a1b7-e5aba6baeff1"><testcase classname="backend.tests.test_cfpro_backend" name="test_health_root" time="0.131" /><testcase classname="backend.tests.test_cfpro_backend" name="test_categories" time="0.051" /><testcase classname="backend.tests.test_cfpro_backend" name="test_register_duplicate" time="0.329" /><testcase classname="backend.tests.test_cfpro_backend" name="test_login_success" time="0.274" /><testcase classname="backend.tests.test_cfpro_backend" name="test_login_wrong_password" time="0.286" /><testcase classname="backend.tests.test_cfpro_backend" name="test_me_with_token" time="0.053" /><testcase classname="backend.tests.test_cfpro_backend" name="test_me_without_token" time="0.048" /><testcase classname="backend.tests.test_cfpro_backend" name="test_transactions_crud" time="0.281" /><testcase classname="backend.tests.test_cfpro_backend" name="test_summary" time="0.154" /><testcase classname="backend.tests.test_cfpro_backend" name="test_budgets_crud" time="0.270" /><testcase classname="backend.tests.test_cfpro_backend" name="test_goals_flow" time="0.274" /><testcase classname="backend.tests.test_cfpro_backend" name="test_analyze_receipt" time="3.054"><skipped type="pytest.skip" message="AI returned 500: {&quot;detail&quot;:&quot;No se pudo extraer JSON del análisis&quot;}">/app/backend/tests/test_cfpro_backend.py:192: AI returned 500: {"detail":"No se pudo extraer JSON del análisis"}</skipped></testcase></testsuite></testsuites>